Using pre-set license

(Unity:14625): Gtk-WARNING **: 11:35:11.976: Theme parsing error: gtk.css:73:46: The style property GtkScrolledWindow:scrollbars-within-bevel is deprecated and shouldn't be used anymore. It will be removed in a future version
Desktop is 1920 x 1080 @ 60 Hz

 COMMAND LINE ARGUMENTS:
Unity
-adb2
-batchMode
-noUpm
-name
AssetImportWorker0
-projectPath
/home/emile/dev/global_game_jam_2021
-logFile
Logs/AssetImportWorker0.log
-srvPort
44105
Successfully changed project path to: /home/emile/dev/global_game_jam_2021
/home/emile/dev/global_game_jam_2021
Using Asset Import Pipeline V2.
Refreshing native plugins compatible for Editor in 29,65 ms, found 1 plugins.
Preloading 0 native plugins for Editor in 0,00 ms.
Initialize engine version: 2020.2.2f1 (068178b99f32)
[Subsystems] Discovering subsystems at path /home/emile/Unity/Hub/Editor/2020.2.2f1/Editor/Data/Resources/UnitySubsystems
[Subsystems] Discovering subsystems at path /home/emile/dev/global_game_jam_2021/Assets
GLX Extensions: GLX_EXT_visual_info GLX_EXT_visual_rating GLX_EXT_import_context GLX_SGIX_fbconfig GLX_SGIX_pbuffer GLX_SGI_video_sync GLX_SGI_swap_control GLX_EXT_swap_control GLX_EXT_swap_control_tear GLX_EXT_texture_from_pixmap GLX_EXT_buffer_age GLX_ARB_create_context GLX_ARB_create_context_profile GLX_EXT_create_context_es_profile GLX_EXT_create_context_es2_profile GLX_ARB_create_context_no_error GLX_ARB_create_context_robustness GLX_NV_delay_before_swap GLX_EXT_stereo_tree GLX_ARB_context_flush_control GLX_NV_robustness_video_memory_purge GLX_NV_multigpu_context GLX_ARB_multisample GLX_NV_float_buffer GLX_ARB_fbconfig_float GLX_EXT_framebuffer_sRGB GLX_NV_copy_image GLX_ARB_get_proc_address 
Renderer: GeForce GTX 1660 SUPER/PCIe/SSE2
Vendor:   NVIDIA Corporation
Version:  4.5.0 NVIDIA 460.32.03
GLES:     0
 GL_AMD_multi_draw_indirect GL_AMD_seamless_cubemap_per_texture GL_AMD_vertex_shader_viewport_index GL_AMD_vertex_shader_layer GL_ARB_arrays_of_arrays GL_ARB_base_instance GL_ARB_bindless_texture GL_ARB_blend_func_extended GL_ARB_buffer_storage GL_ARB_clear_buffer_object GL_ARB_clear_texture GL_ARB_clip_control GL_ARB_color_buffer_float GL_ARB_compressed_texture_pixel_storage GL_ARB_conservative_depth GL_ARB_compute_shader GL_ARB_compute_variable_group_size GL_ARB_conditional_render_inverted GL_ARB_copy_buffer GL_ARB_copy_image GL_ARB_cull_distance GL_ARB_debug_output GL_ARB_depth_buffer_float GL_ARB_depth_clamp GL_ARB_depth_texture GL_ARB_derivative_control GL_ARB_direct_state_access GL_ARB_draw_buffers GL_ARB_draw_buffers_blend GL_ARB_draw_indirect GL_ARB_draw_elements_base_vertex GL_ARB_draw_instanced GL_ARB_enhanced_layouts GL_ARB_ES2_compatibility GL_ARB_ES3_compatibility GL_ARB_ES3_1_compatibility GL_ARB_ES3_2_compatibility GL_ARB_explicit_attrib_location GL_ARB_explicit_uniform_location GL_ARB_fragmen
t_coord_conventions GL_ARB_fragment_layer_viewport GL_ARB_fragment_program GL_ARB_fragment_program_shadow GL_ARB_fragment_shader GL_ARB_fragment_shader_interlock GL_ARB_framebuffer_no_attachments GL_ARB_framebuffer_object GL_ARB_framebuffer_sRGB GL_ARB_geometry_shader4 GL_ARB_get_program_binary GL_ARB_get_texture_sub_image GL_ARB_gl_spirv GL_ARB_gpu_shader5 GL_ARB_gpu_shader_fp64 GL_ARB_gpu_shader_int64 GL_ARB_half_float_pixel GL_ARB_half_float_vertex GL_ARB_imaging GL_ARB_indirect_parameters GL_ARB_instanced_arrays GL_ARB_internalformat_query GL_ARB_internalformat_query2 GL_ARB_invalidate_subdata GL_ARB_map_buffer_alignment GL_ARB_map_buffer_range GL_ARB_multi_bind GL_ARB_multi_draw_indirect GL_ARB_multisample GL_ARB_multitexture GL_ARB_occlusion_query GL_ARB_occlusion_query2 GL_ARB_parallel_shader_compile GL_ARB_pipeline_statistics_query GL_ARB_pixel_buffer_object GL_ARB_point_parameters GL_ARB_point_sprite GL_ARB_polygon_offset_clamp GL_ARB_post_depth_coverage GL_ARB_program_interface_query GL_ARB_provoki
ng_vertex GL_ARB_query_buffer_object GL_ARB_robust_buffer_access_behavior GL_ARB_robustness GL_ARB_sample_locations GL_ARB_sample_shading GL_ARB_sampler_objects GL_ARB_seamless_cube_map GL_ARB_seamless_cubemap_per_texture GL_ARB_separate_shader_objects GL_ARB_shader_atomic_counter_ops GL_ARB_shader_atomic_counters GL_ARB_shader_ballot GL_ARB_shader_bit_encoding GL_ARB_shader_clock GL_ARB_shader_draw_parameters GL_ARB_shader_group_vote GL_ARB_shader_image_load_store GL_ARB_shader_image_size GL_ARB_shader_objects GL_ARB_shader_precision GL_ARB_shader_storage_buffer_object GL_ARB_shader_subroutine GL_ARB_shader_texture_image_samples GL_ARB_shader_texture_lod GL_ARB_shading_language_100 GL_ARB_shader_viewport_layer_array GL_ARB_shading_language_420pack GL_ARB_shading_language_include GL_ARB_shading_language_packing GL_ARB_shadow GL_ARB_sparse_buffer GL_ARB_sparse_texture GL_ARB_sparse_texture2 GL_ARB_sparse_texture_clamp GL_ARB_spirv_extensions GL_ARB_stencil_texturing GL_ARB_sync GL_ARB_tessellation_shader GL_A
RB_texture_barrier GL_ARB_texture_border_clamp GL_ARB_texture_buffer_object GL_ARB_texture_buffer_object_rgb32 GL_ARB_texture_buffer_range GL_ARB_texture_compression GL_ARB_texture_compression_bptc GL_ARB_texture_compression_rgtc GL_ARB_texture_cube_map GL_ARB_texture_cube_map_array GL_ARB_texture_env_add GL_ARB_texture_env_combine GL_ARB_texture_env_crossbar GL_ARB_texture_env_dot3 GL_ARB_texture_filter_anisotropic GL_ARB_texture_filter_minmax GL_ARB_texture_float GL_ARB_texture_gather GL_ARB_texture_mirror_clamp_to_edge GL_ARB_texture_mirrored_repeat GL_ARB_texture_multisample GL_ARB_texture_non_power_of_two GL_ARB_texture_query_levels GL_ARB_texture_query_lod GL_ARB_texture_rectangle GL_ARB_texture_rg GL_ARB_texture_rgb10_a2ui GL_ARB_texture_stencil8 GL_ARB_texture_storage GL_ARB_texture_storage_multisample GL_ARB_texture_swizzle GL_ARB_texture_view GL_ARB_timer_query GL_ARB_transform_feedback2 GL_ARB_transform_feedback3 GL_ARB_transform_feedback_instanced GL_ARB_transform_feedback_overflow_query GL_ARB_t
ranspose_matrix GL_ARB_uniform_buffer_object GL_ARB_vertex_array_bgra GL_ARB_vertex_array_object GL_ARB_vertex_attrib_64bit GL_ARB_vertex_attrib_binding GL_ARB_vertex_buffer_object GL_ARB_vertex_program GL_ARB_vertex_shader GL_ARB_vertex_type_10f_11f_11f_rev GL_ARB_vertex_type_2_10_10_10_rev GL_ARB_viewport_array GL_ARB_window_pos GL_ATI_draw_buffers GL_ATI_texture_float GL_ATI_texture_mirror_once GL_S3_s3tc GL_EXT_texture_env_add GL_EXT_abgr GL_EXT_bgra GL_EXT_bindable_uniform GL_EXT_blend_color GL_EXT_blend_equation_separate GL_EXT_blend_func_separate GL_EXT_blend_minmax GL_EXT_blend_subtract GL_EXT_compiled_vertex_array GL_EXT_Cg_shader GL_EXT_depth_bounds_test GL_EXT_direct_state_access GL_EXT_draw_buffers2 GL_EXT_draw_instanced GL_EXT_draw_range_elements GL_EXT_fog_coord GL_EXT_framebuffer_blit GL_EXT_framebuffer_multisample GL_EXTX_framebuffer_mixed_formats GL_EXT_framebuffer_multisample_blit_scaled GL_EXT_framebuffer_object GL_EXT_framebuffer_sRGB GL_EXT_geometry_shader4 GL_EXT_gpu_program_parameters 
GL_EXT_gpu_shader4 GL_EXT_multi_draw_arrays GL_EXT_multiview_texture_multisample GL_EXT_multiview_timer_query GL_EXT_packed_depth_stencil GL_EXT_packed_float GL_EXT_packed_pixels GL_EXT_pixel_buffer_object GL_EXT_point_parameters GL_EXT_polygon_offset_clamp GL_EXT_post_depth_coverage GL_EXT_provoking_vertex GL_EXT_raster_multisample GL_EXT_rescale_normal GL_EXT_secondary_color GL_EXT_separate_shader_objects GL_EXT_separate_specular_color GL_EXT_shader_image_load_formatted GL_EXT_shader_image_load_store GL_EXT_shader_integer_mix GL_EXT_shadow_funcs GL_EXT_sparse_texture2 GL_EXT_stencil_two_side GL_EXT_stencil_wrap GL_EXT_texture3D GL_EXT_texture_array GL_EXT_texture_buffer_object GL_EXT_texture_compression_dxt1 GL_EXT_texture_compression_latc GL_EXT_texture_compression_rgtc GL_EXT_texture_compression_s3tc GL_EXT_texture_cube_map GL_EXT_texture_edge_clamp GL_EXT_texture_env_combine GL_EXT_texture_env_dot3 GL_EXT_texture_filter_anisotropic GL_EXT_texture_filter_minmax GL_EXT_texture_integer GL_EXT_texture_lod G
L_EXT_texture_lod_bias GL_EXT_texture_mirror_clamp GL_EXT_texture_object GL_EXT_texture_shadow_lod GL_EXT_texture_shared_exponent GL_EXT_texture_sRGB GL_EXT_texture_sRGB_R8 GL_EXT_texture_sRGB_decode GL_EXT_texture_storage GL_EXT_texture_swizzle GL_EXT_timer_query GL_EXT_transform_feedback2 GL_EXT_vertex_array GL_EXT_vertex_array_bgra GL_EXT_vertex_attrib_64bit GL_EXT_window_rectangles GL_EXT_x11_sync_object GL_EXT_import_sync_object GL_NV_robustness_video_memory_purge GL_IBM_rasterpos_clip GL_IBM_texture_mirrored_repeat GL_KHR_context_flush_control GL_KHR_debug GL_EXT_memory_object GL_EXT_memory_object_fd GL_NV_memory_object_sparse GL_KHR_parallel_shader_compile GL_KHR_no_error GL_KHR_robust_buffer_access_behavior GL_KHR_robustness GL_EXT_semaphore GL_EXT_semaphore_fd GL_NV_timeline_semaphore GL_KHR_shader_subgroup GL_KTX_buffer_region GL_NV_alpha_to_coverage_dither_control GL_NV_bindless_multi_draw_indirect GL_NV_bindless_multi_draw_indirect_count GL_NV_bindless_texture GL_NV_blend_equation_advanced GL_NV_
blend_equation_advanced_coherent GL_NVX_blend_equation_advanced_multi_draw_buffers GL_NV_blend_minmax_factor GL_NV_blend_square GL_NV_clip_space_w_scaling GL_NV_command_list GL_NV_compute_program5 GL_NV_compute_shader_derivatives GL_NV_conditional_render GL_NV_conservative_raster GL_NV_conservative_raster_dilate GL_NV_conservative_raster_pre_snap GL_NV_conservative_raster_pre_snap_triangles GL_NV_conservative_raster_underestimation GL_NV_copy_depth_to_color GL_NV_copy_image GL_NV_depth_buffer_float GL_NV_depth_clamp GL_NV_draw_texture GL_NV_draw_vulkan_image GL_NV_ES1_1_compatibility GL_NV_ES3_1_compatibility GL_NV_explicit_multisample GL_NV_feature_query GL_NV_fence GL_NV_fill_rectangle GL_NV_float_buffer GL_NV_fog_distance GL_NV_fragment_coverage_to_color GL_NV_fragment_program GL_NV_fragment_program_option GL_NV_fragment_program2 GL_NV_fragment_shader_barycentric GL_NV_fragment_shader_interlock GL_NV_framebuffer_mixed_samples GL_NV_framebuffer_multisample_coverage GL_NV_geometry_shader4 GL_NV_geometry_sha
der_passthrough GL_NV_gpu_program4 GL_NV_internalformat_sample_query GL_NV_gpu_program4_1 GL_NV_gpu_program5 GL_NV_gpu_program5_mem_extended GL_NV_gpu_program_fp64 GL_NV_gpu_shader5 GL_NV_half_float GL_NV_light_max_exponent GL_NV_memory_attachment GL_NV_mesh_shader GL_NV_multisample_coverage GL_NV_multisample_filter_hint GL_NV_occlusion_query GL_NV_packed_depth_stencil GL_NV_parameter_buffer_object GL_NV_parameter_buffer_object2 GL_NV_path_rendering GL_NV_path_rendering_shared_edge GL_NV_pixel_data_range GL_NV_point_sprite GL_NV_primitive_restart GL_NV_query_resource GL_NV_query_resource_tag GL_NV_register_combiners GL_NV_register_combiners2 GL_NV_representative_fragment_test GL_NV_sample_locations GL_NV_sample_mask_override_coverage GL_NV_scissor_exclusive GL_NV_shader_atomic_counters GL_NV_shader_atomic_float GL_NV_shader_atomic_float64 GL_NV_shader_atomic_fp16_vector GL_NV_shader_atomic_int64 GL_NV_shader_buffer_load GL_NV_shader_storage_buffer_object GL_NV_shader_subgroup_partitioned GL_NV_shader_texture
_footprint GL_NV_shading_rate_image GL_NV_stereo_view_rendering GL_NV_texgen_reflection GL_NV_texture_barrier GL_NV_texture_compression_vtc GL_NV_texture_env_combine4 GL_NV_texture_multisample GL_NV_texture_rectangle GL_NV_texture_rectangle_compressed GL_NV_texture_shader GL_NV_texture_shader2 GL_NV_texture_shader3 GL_NV_transform_feedback GL_NV_transform_feedback2 GL_NV_uniform_buffer_unified_memory GL_NV_vdpau_interop GL_NV_vdpau_interop2 GL_NV_vertex_array_range GL_NV_vertex_array_range2 GL_NV_vertex_attrib_integer_64bit GL_NV_vertex_buffer_unified_memory GL_NV_vertex_program GL_NV_vertex_program1_1 GL_NV_vertex_program2 GL_NV_vertex_program2_option GL_NV_vertex_program3 GL_NV_viewport_array2 GL_NV_viewport_swizzle GL_NVX_conditional_render GL_NV_gpu_multicast GL_NVX_progress_fence GL_NVX_gpu_memory_info GL_NVX_nvenc_interop GL_NV_shader_thread_group GL_NV_shader_thread_shuffle GL_KHR_blend_equation_advanced GL_KHR_blend_equation_advanced_coherent GL_OVR_multiview GL_OVR_multiview2 GL_SGIS_generate_mipmap
 GL_SGIS_texture_lod GL_SGIX_depth_texture GL_SGIX_shadow GL_SUN_slice_accum
OPENGL LOG: Creating OpenGL 4.5 graphics device ; Context level  <OpenGL 4.5> ; Context handle 508254552
Invalid texture used for cursor - check importer settings or texture creation. Texture must be RGBA32, readable, have alphaIsTransparency enabled and have no mip chain.

Initialize mono
Mono path[0] = '/home/emile/Unity/Hub/Editor/2020.2.2f1/Editor/Data/Managed'
Mono path[1] = '/home/emile/Unity/Hub/Editor/2020.2.2f1/Editor/Data/MonoBleedingEdge/lib/mono/unityjit'
Mono config path = '/home/emile/Unity/Hub/Editor/2020.2.2f1/Editor/Data/MonoBleedingEdge/etc'
Using monoOptions --debugger-agent=transport=dt_socket,embedding=1,server=y,suspend=n,address=127.0.0.1:56625
Begin MonoManager ReloadAssembly
Registering precompiled unity dll's ...
Register platform support module: /home/emile/Unity/Hub/Editor/2020.2.2f1/Editor/Data/PlaybackEngines/WebGLSupport/UnityEditor.WebGL.Extensions.dll
Trying to register platform support module: /home/emile/Unity/Hub/Editor/2020.2.2f1/Editor/Data/PlaybackEngines/WindowsStandaloneSupport/UnityEditor.WindowsStandalone.Extensions.dll (that doesn't exist). Retrying without overrides.
Platform support module is not available: /home/emile/Unity/Hub/Editor/2020.2.2f1/Editor/Data/PlaybackEngines/WindowsStandaloneSupport/UnityEditor.WindowsStandalone.Extensions.dll
Register platform support module: /home/emile/Unity/Hub/Editor/2020.2.2f1/Editor/Data/PlaybackEngines/LinuxStandaloneSupport/UnityEditor.LinuxStandalone.Extensions.dll
Registered in 0,001045 seconds.
Native extension for LinuxStandalone target not found
Native extension for WebGL target not found
Refreshing native plugins compatible for Editor in 30,51 ms, found 1 plugins.
Preloading 0 native plugins for Editor in 0,00 ms.
Invoked RoslynAnalysisRunner static constructor.
RoslynAnalysisRunner will not be running.
RoslynAnalysisRunner has terminated.
Mono: successfully reloaded assembly
- Completed reload, in  1,157 seconds
Platform modules already initialized, skipping
Registering precompiled user dll's ...
Registered in 0,000739 seconds.
Begin MonoManager ReloadAssembly
Native extension for LinuxStandalone target not found
Native extension for WebGL target not found
Refreshing native plugins compatible for Editor in 30,67 ms, found 1 plugins.
Preloading 0 native plugins for Editor in 0,00 ms.
Invoked RoslynAnalysisRunner static constructor.
RoslynAnalysisRunner will not be running.
RoslynAnalysisRunner has terminated.
Mono: successfully reloaded assembly
- Completed reload, in  0,704 seconds
Platform modules already initialized, skipping
========================================================================
Worker process is ready to serve import requests
Launched and connected shader compiler UnityShaderCompiler after 0.00 seconds
Refreshing native plugins compatible for Editor in 0,33 ms, found 1 plugins.
Preloading 0 native plugins for Editor in 0,00 ms.
Unloading 1821 Unused Serialized files (Serialized files now loaded: 0)
System memory in use before: 81,1 MB.
System memory in use after: 81,1 MB.

Unloading 21 unused Assets to reduce memory usage. Loaded Objects now: 2272.
Total: 2,232951 ms (FindLiveObjects: 0,206300 ms CreateObjectMapping: 0,044620 ms MarkObjects: 1,874571 ms  DeleteObjects: 0,106130 ms)

========================================================================
Received Import Request.
  path: Assets/Art/Music/AudioFiles/Music/music_strings_stem_01.wav
  artifactKey: Guid(a6e072cc8d5564d7da1a7403783ed1a5) Importer(815301076,1909f56bfc062723c751e8b465ee728b)
Start importing Assets/Art/Music/AudioFiles/Music/music_strings_stem_01.wav using Guid(a6e072cc8d5564d7da1a7403783ed1a5) Importer(815301076,1909f56bfc062723c751e8b465ee728b)  -> (artifact id: '7d57f976c3a04a79b8baf9e513147f45') in 0,054601 seconds
  Import took 0,057463 seconds .

========================================================================
Received Import Request.
  Time since last request: 0,000122 seconds.
  path: Assets/Art/Music/AudioFiles/SFX/sfx_prendre_s_03.wav
  artifactKey: Guid(c59299de8cf4c1b9891d7e88cb5ef30b) Importer(815301076,1909f56bfc062723c751e8b465ee728b)
Start importing Assets/Art/Music/AudioFiles/SFX/sfx_prendre_s_03.wav using Guid(c59299de8cf4c1b9891d7e88cb5ef30b) Importer(815301076,1909f56bfc062723c751e8b465ee728b)  -> (artifact id: '2012de6cbf211e1df8031a321f6a676e') in 0,004626 seconds
  Import took 0,007333 seconds .

========================================================================
Received Import Request.
  Time since last request: 0,000135 seconds.
  path: Assets/Art/Music/AudioFiles/SFX/sfx_menu_select.wav
  artifactKey: Guid(947331cb7c9a64fce8c0dace465fe5a7) Importer(815301076,1909f56bfc062723c751e8b465ee728b)
Start importing Assets/Art/Music/AudioFiles/SFX/sfx_menu_select.wav using Guid(947331cb7c9a64fce8c0dace465fe5a7) Importer(815301076,1909f56bfc062723c751e8b465ee728b)  -> (artifact id: '7dc60738930aeaf327bb325d99ce8f1a') in 0,003977 seconds
  Import took 0,006927 seconds .

========================================================================
Received Import Request.
  Time since last request: 0,000132 seconds.
  path: Assets/Art/Music/AudioFiles/Music/music_wind_clap_stem_05.wav
  artifactKey: Guid(3791c4f99f683fc2c865e6618cc0d4c2) Importer(815301076,1909f56bfc062723c751e8b465ee728b)
Start importing Assets/Art/Music/AudioFiles/Music/music_wind_clap_stem_05.wav using Guid(3791c4f99f683fc2c865e6618cc0d4c2) Importer(815301076,1909f56bfc062723c751e8b465ee728b)  -> (artifact id: 'aa171cd6d9f1033cbc5fbcc7a0a567d6') in 0,005067 seconds
  Import took 0,008170 seconds .

========================================================================
Received Import Request.
  Time since last request: 0,000115 seconds.
  path: Assets/Art/Music/AudioFiles/SFX/sfx_prendre_s_05.wav
  artifactKey: Guid(6e5f307c06b9216ba82faba81fbfe011) Importer(815301076,1909f56bfc062723c751e8b465ee728b)
Start importing Assets/Art/Music/AudioFiles/SFX/sfx_prendre_s_05.wav using Guid(6e5f307c06b9216ba82faba81fbfe011) Importer(815301076,1909f56bfc062723c751e8b465ee728b)  -> (artifact id: 'c16e102d74a3d894562f83404128b791') in 0,004269 seconds
  Import took 0,007185 seconds .

========================================================================
Received Import Request.
  Time since last request: 0,000139 seconds.
  path: Assets/Art/Music/AudioFiles/Amb/amb_general_s.wav
  artifactKey: Guid(af54c099b35696c1bb6cb27a481f751f) Importer(815301076,1909f56bfc062723c751e8b465ee728b)
Start importing Assets/Art/Music/AudioFiles/Amb/amb_general_s.wav using Guid(af54c099b35696c1bb6cb27a481f751f) Importer(815301076,1909f56bfc062723c751e8b465ee728b)  -> (artifact id: '8ba6f6fee6a3d7e5b765409ea98235fa') in 0,004990 seconds
  Import took 0,008289 seconds .

========================================================================
Received Import Request.
  Time since last request: 0,000134 seconds.
  path: Assets/Art/Music/AudioFiles/Music/music_piano_stem_03.wav
  artifactKey: Guid(59c494abb0dba3568beff8130225afcd) Importer(815301076,1909f56bfc062723c751e8b465ee728b)
Start importing Assets/Art/Music/AudioFiles/Music/music_piano_stem_03.wav using Guid(59c494abb0dba3568beff8130225afcd) Importer(815301076,1909f56bfc062723c751e8b465ee728b)  -> (artifact id: 'f65ce0983ef400805c5e284f2839b0bb') in 0,003925 seconds
  Import took 0,007058 seconds .

========================================================================
Received Import Request.
  Time since last request: 0,000126 seconds.
  path: Assets/Art/Music/AudioFiles/Music/music_strings_stem_02.wav
  artifactKey: Guid(5d5160815658a7d2e9d2a89035473ee3) Importer(815301076,1909f56bfc062723c751e8b465ee728b)
Start importing Assets/Art/Music/AudioFiles/Music/music_strings_stem_02.wav using Guid(5d5160815658a7d2e9d2a89035473ee3) Importer(815301076,1909f56bfc062723c751e8b465ee728b)  -> (artifact id: '42b3809362d954a5b23b80052c70e064') in 0,005680 seconds
  Import took 0,008230 seconds .

========================================================================
Received Import Request.
  Time since last request: 0,000121 seconds.
  path: Assets/Art/Music/AudioFiles/SFX/sfx_poser_s_01.wav
  artifactKey: Guid(91c22df55beb025a3ad1f612f39371ca) Importer(815301076,1909f56bfc062723c751e8b465ee728b)
Start importing Assets/Art/Music/AudioFiles/SFX/sfx_poser_s_01.wav using Guid(91c22df55beb025a3ad1f612f39371ca) Importer(815301076,1909f56bfc062723c751e8b465ee728b)  -> (artifact id: '870c97cec3faa43d2d6a091f1005eb10') in 0,003954 seconds
  Import took 0,006637 seconds .

========================================================================
Received Import Request.
  Time since last request: 0,000130 seconds.
  path: Assets/Art/Music/AudioFiles/Amb/amb_menu_s.wav
  artifactKey: Guid(1c95f8a0615a89d5088a974aa16bceae) Importer(815301076,1909f56bfc062723c751e8b465ee728b)
Start importing Assets/Art/Music/AudioFiles/Amb/amb_menu_s.wav using Guid(1c95f8a0615a89d5088a974aa16bceae) Importer(815301076,1909f56bfc062723c751e8b465ee728b)  -> (artifact id: 'c1bdd5bc10d3f01af35742336174c1ac') in 0,005259 seconds
  Import took 0,008573 seconds .

========================================================================
Received Import Request.
  Time since last request: 0,000130 seconds.
  path: Assets/Art/Music/AudioFiles/SFX/sfx_prendre_s_04.wav
  artifactKey: Guid(e29e8c4907693dde383fc0b5bdfe1541) Importer(815301076,1909f56bfc062723c751e8b465ee728b)
Start importing Assets/Art/Music/AudioFiles/SFX/sfx_prendre_s_04.wav using Guid(e29e8c4907693dde383fc0b5bdfe1541) Importer(815301076,1909f56bfc062723c751e8b465ee728b)  -> (artifact id: 'af9039899f6310be45817a1d3c1a0acf') in 0,003703 seconds
  Import took 0,006553 seconds .

========================================================================
Received Import Request.
  Time since last request: 0,000138 seconds.
  path: Assets/Art/Music/AudioFiles/SFX/sfx_poser_s_05.wav
  artifactKey: Guid(762a4db29610b5315ad2b65370d18c1e) Importer(815301076,1909f56bfc062723c751e8b465ee728b)
Start importing Assets/Art/Music/AudioFiles/SFX/sfx_poser_s_05.wav using Guid(762a4db29610b5315ad2b65370d18c1e) Importer(815301076,1909f56bfc062723c751e8b465ee728b)  -> (artifact id: '7145cc0d81079cdf3ca8c8b3ff2388ef') in 0,004219 seconds
  Import took 0,006415 seconds .

========================================================================
Received Import Request.
  Time since last request: 0,000139 seconds.
  path: Assets/Art/Music/AudioFiles/SFX/sfx_menu_begin.wav
  artifactKey: Guid(48ee6ee53a7bb9ea59cdc254eb178e5d) Importer(815301076,1909f56bfc062723c751e8b465ee728b)
Start importing Assets/Art/Music/AudioFiles/SFX/sfx_menu_begin.wav using Guid(48ee6ee53a7bb9ea59cdc254eb178e5d) Importer(815301076,1909f56bfc062723c751e8b465ee728b)  -> (artifact id: '404815ac3bb139f023dfa761accd0766') in 0,003279 seconds
  Import took 0,005641 seconds .

========================================================================
Received Import Request.
  Time since last request: 0,000130 seconds.
  path: Assets/Art/Music/AudioFiles/SFX/sfx_poser_s_04.wav
  artifactKey: Guid(d93670d05693c79df90c6109ec139fd1) Importer(815301076,1909f56bfc062723c751e8b465ee728b)
Start importing Assets/Art/Music/AudioFiles/SFX/sfx_poser_s_04.wav using Guid(d93670d05693c79df90c6109ec139fd1) Importer(815301076,1909f56bfc062723c751e8b465ee728b)  -> (artifact id: '8c1d5c6838998cdc17492222e9695130') in 0,004491 seconds
  Import took 0,006562 seconds .

========================================================================
Received Import Request.
  Time since last request: 0,000134 seconds.
  path: Assets/Art/Music/AudioFiles/SFX/sfx_poser_s_03.wav
  artifactKey: Guid(634fe87bca49a0084916f22325118edc) Importer(815301076,1909f56bfc062723c751e8b465ee728b)
Start importing Assets/Art/Music/AudioFiles/SFX/sfx_poser_s_03.wav using Guid(634fe87bca49a0084916f22325118edc) Importer(815301076,1909f56bfc062723c751e8b465ee728b)  -> (artifact id: 'e510520ae3d56f3379656b34f69d6e0f') in 0,003372 seconds
  Import took 0,005624 seconds .

========================================================================
Received Import Request.
  Time since last request: 0,000137 seconds.
  path: Assets/Art/Music/AudioFiles/SFX/sfx_poser_s_02.wav
  artifactKey: Guid(04a7b626ea5be12cb8a25cb9dc62e0e8) Importer(815301076,1909f56bfc062723c751e8b465ee728b)
Start importing Assets/Art/Music/AudioFiles/SFX/sfx_poser_s_02.wav using Guid(04a7b626ea5be12cb8a25cb9dc62e0e8) Importer(815301076,1909f56bfc062723c751e8b465ee728b)  -> (artifact id: 'c5d087cf8b5c5fbfccf95d935ac10cc5') in 0,004219 seconds
  Import took 0,006433 seconds .

========================================================================
Received Import Request.
  Time since last request: 0,000147 seconds.
  path: Assets/Art/Music/AudioFiles/Music/music_bass_stem_04.wav
  artifactKey: Guid(be1b403917f47393cbc663e4eed5a4f2) Importer(815301076,1909f56bfc062723c751e8b465ee728b)
Start importing Assets/Art/Music/AudioFiles/Music/music_bass_stem_04.wav using Guid(be1b403917f47393cbc663e4eed5a4f2) Importer(815301076,1909f56bfc062723c751e8b465ee728b)  -> (artifact id: 'f04a1315f02650197e602496152b53e2') in 0,003339 seconds
  Import took 0,005510 seconds .

========================================================================
Received Import Request.
  Time since last request: 0,000128 seconds.
  path: Assets/Art/Music/AudioFiles/SFX/sfx_prendre_s_01.wav
  artifactKey: Guid(52967fc0872ebda788f98101073f213d) Importer(815301076,1909f56bfc062723c751e8b465ee728b)
Start importing Assets/Art/Music/AudioFiles/SFX/sfx_prendre_s_01.wav using Guid(52967fc0872ebda788f98101073f213d) Importer(815301076,1909f56bfc062723c751e8b465ee728b)  -> (artifact id: '0ea06ef254894a67d2794cf597b5f430') in 0,003801 seconds
  Import took 0,005976 seconds .

========================================================================
Received Import Request.
  Time since last request: 0,000145 seconds.
  path: Assets/Art/Music/AudioFiles/SFX/sfx_poser_s_06.wav
  artifactKey: Guid(3cc518f63184a14a0bb5478cc9745f96) Importer(815301076,1909f56bfc062723c751e8b465ee728b)
Start importing Assets/Art/Music/AudioFiles/SFX/sfx_poser_s_06.wav using Guid(3cc518f63184a14a0bb5478cc9745f96) Importer(815301076,1909f56bfc062723c751e8b465ee728b)  -> (artifact id: 'b2e33c1e2cc8bf6f3fb1a2b10ad8032c') in 0,004317 seconds
  Import took 0,006496 seconds .

========================================================================
Received Import Request.
  Time since last request: 0,000137 seconds.
  path: Assets/Art/Music/AudioFiles/SFX/sfx_prendre_s_02.wav
  artifactKey: Guid(6761b146fa0f671c695d0451dbd2d815) Importer(815301076,1909f56bfc062723c751e8b465ee728b)
Start importing Assets/Art/Music/AudioFiles/SFX/sfx_prendre_s_02.wav using Guid(6761b146fa0f671c695d0451dbd2d815) Importer(815301076,1909f56bfc062723c751e8b465ee728b)  -> (artifact id: '597cd553368bde46fd03cc290a526151') in 0,003933 seconds
  Import took 0,006172 seconds .

========================================================================
Received Prepare
Registering precompiled user dll's ...
Registered in 0,000787 seconds.
Begin MonoManager ReloadAssembly
Native extension for LinuxStandalone target not found
Native extension for WebGL target not found
Refreshing native plugins compatible for Editor in 0,34 ms, found 1 plugins.
Preloading 0 native plugins for Editor in 0,00 ms.
Invoked RoslynAnalysisRunner static constructor.
RoslynAnalysisRunner will not be running.
RoslynAnalysisRunner has terminated.
Mono: successfully reloaded assembly
- Completed reload, in  0,660 seconds
Platform modules already initialized, skipping
Refreshing native plugins compatible for Editor in 0,33 ms, found 1 plugins.
Preloading 0 native plugins for Editor in 0,00 ms.
Unloading 1798 Unused Serialized files (Serialized files now loaded: 0)
System memory in use before: 81,3 MB.
System memory in use after: 81,1 MB.

Unloading 10 unused Assets to reduce memory usage. Loaded Objects now: 2284.
Total: 2,978401 ms (FindLiveObjects: 0,285120 ms CreateObjectMapping: 0,052280 ms MarkObjects: 2,562331 ms  DeleteObjects: 0,077050 ms)

========================================================================
Received Import Request.
  Time since last request: 1032,643047 seconds.
  path: Assets/Sound.cs
  artifactKey: Guid(dd6fdf9fac257df70a9d32078da7fe90) Importer(815301076,1909f56bfc062723c751e8b465ee728b)
Start importing Assets/Sound.cs using Guid(dd6fdf9fac257df70a9d32078da7fe90) Importer(815301076,1909f56bfc062723c751e8b465ee728b)  -> (artifact id: '20df4fdf33ff7a3e430f872fd60b34d0') in 0,003626 seconds
  Import took 0,007036 seconds .

========================================================================
Received Import Request.
  Time since last request: 49,065778 seconds.
  path: Assets/Sound.cs
  artifactKey: Guid(dd6fdf9fac257df70a9d32078da7fe90) Importer(815301076,1909f56bfc062723c751e8b465ee728b)
Start importing Assets/Sound.cs using Guid(dd6fdf9fac257df70a9d32078da7fe90) Importer(815301076,1909f56bfc062723c751e8b465ee728b)  -> (artifact id: '88a4e14b42dab80864ea4a5f76f7dcab') in 0,000568 seconds
  Import took 0,003761 seconds .

========================================================================
Received Import Request.
  Time since last request: 119,378234 seconds.
  path: Assets/Sound.cs
  artifactKey: Guid(dd6fdf9fac257df70a9d32078da7fe90) Importer(815301076,1909f56bfc062723c751e8b465ee728b)
Start importing Assets/Sound.cs using Guid(dd6fdf9fac257df70a9d32078da7fe90) Importer(815301076,1909f56bfc062723c751e8b465ee728b)  -> (artifact id: '6ff149bad30197e6d8af0714402f1c42') in 0,000565 seconds
  Import took 0,003576 seconds .

========================================================================
Received Import Request.
  Time since last request: 0,002206 seconds.
  path: Assets/Sound.cs
  artifactKey: Guid(dd6fdf9fac257df70a9d32078da7fe90) Importer(815301076,1909f56bfc062723c751e8b465ee728b)
Start importing Assets/Sound.cs using Guid(dd6fdf9fac257df70a9d32078da7fe90) Importer(815301076,1909f56bfc062723c751e8b465ee728b)  -> (artifact id: '6ff149bad30197e6d8af0714402f1c42') in 0,000505 seconds
  Import took 0,002960 seconds .

========================================================================
Received Prepare
Registering precompiled user dll's ...
Registered in 0,001111 seconds.
Begin MonoManager ReloadAssembly
Native extension for LinuxStandalone target not found
Native extension for WebGL target not found
Refreshing native plugins compatible for Editor in 0,33 ms, found 1 plugins.
Preloading 0 native plugins for Editor in 0,00 ms.
Invoked RoslynAnalysisRunner static constructor.
RoslynAnalysisRunner will not be running.
RoslynAnalysisRunner has terminated.
Mono: successfully reloaded assembly
- Completed reload, in  0,700 seconds
Platform modules already initialized, skipping
Refreshing native plugins compatible for Editor in 0,38 ms, found 1 plugins.
Preloading 0 native plugins for Editor in 0,00 ms.
Unloading 1799 Unused Serialized files (Serialized files now loaded: 0)
System memory in use before: 81,4 MB.
System memory in use after: 81,5 MB.

Unloading 9 unused Assets to reduce memory usage. Loaded Objects now: 2288.
Total: 1,984761 ms (FindLiveObjects: 0,187390 ms CreateObjectMapping: 0,037430 ms MarkObjects: 1,728381 ms  DeleteObjects: 0,030740 ms)

========================================================================
Received Prepare
Registering precompiled user dll's ...
Registered in 0,000847 seconds.
Begin MonoManager ReloadAssembly
Native extension for LinuxStandalone target not found
Native extension for WebGL target not found
Refreshing native plugins compatible for Editor in 0,33 ms, found 1 plugins.
Preloading 0 native plugins for Editor in 0,00 ms.
Invoked RoslynAnalysisRunner static constructor.
RoslynAnalysisRunner will not be running.
RoslynAnalysisRunner has terminated.
Mono: successfully reloaded assembly
- Completed reload, in  0,646 seconds
Platform modules already initialized, skipping
Refreshing native plugins compatible for Editor in 0,33 ms, found 1 plugins.
Preloading 0 native plugins for Editor in 0,00 ms.
Unloading 1799 Unused Serialized files (Serialized files now loaded: 0)
System memory in use before: 81,6 MB.
System memory in use after: 81,7 MB.

Unloading 9 unused Assets to reduce memory usage. Loaded Objects now: 2291.
Total: 1,956661 ms (FindLiveObjects: 0,179230 ms CreateObjectMapping: 0,036230 ms MarkObjects: 1,700451 ms  DeleteObjects: 0,039800 ms)

========================================================================
Received Import Request.
  Time since last request: 1701,873566 seconds.
  path: Assets/Art/Music/GGJ_2021_music_lineaire.mp3
  artifactKey: Guid(033345b1dee8a1244a47e09901e8a184) Importer(815301076,1909f56bfc062723c751e8b465ee728b)
Start importing Assets/Art/Music/GGJ_2021_music_lineaire.mp3 using Guid(033345b1dee8a1244a47e09901e8a184) Importer(815301076,1909f56bfc062723c751e8b465ee728b)  -> (artifact id: '934cb4b772d8df6ab726f948fa1c0654') in 0,041862 seconds
  Import took 0,044622 seconds .

========================================================================
Received Import Request.
  Time since last request: 2,888784 seconds.
  path: Assets/Art/AudioFiles/Music/music_bass_stem_04.wav
  artifactKey: Guid(f0990e5fd0656fe478f382fec8d4ba89) Importer(815301076,1909f56bfc062723c751e8b465ee728b)
Start importing Assets/Art/AudioFiles/Music/music_bass_stem_04.wav using Guid(f0990e5fd0656fe478f382fec8d4ba89) Importer(815301076,1909f56bfc062723c751e8b465ee728b)  -> (artifact id: '33ea1baa0d043123b5a92afead82135d') in 0,007236 seconds
  Import took 0,009760 seconds .

========================================================================
Received Import Request.
  Time since last request: 0,000111 seconds.
  path: Assets/Art/AudioFiles/Music/music_strings_stem_02.wav
  artifactKey: Guid(f6dd0157168ca8749a57cae14854e0ca) Importer(815301076,1909f56bfc062723c751e8b465ee728b)
Start importing Assets/Art/AudioFiles/Music/music_strings_stem_02.wav using Guid(f6dd0157168ca8749a57cae14854e0ca) Importer(815301076,1909f56bfc062723c751e8b465ee728b)  -> (artifact id: '37f361a561e08f35508d37cd6973af33') in 0,004092 seconds
  Import took 0,006180 seconds .

========================================================================
Received Import Request.
  Time since last request: 0,000106 seconds.
  path: Assets/Art/AudioFiles/Music/music_piano_stem_03.wav
  artifactKey: Guid(9d6a2dd671ec3ea4fae167a5a3784510) Importer(815301076,1909f56bfc062723c751e8b465ee728b)
Start importing Assets/Art/AudioFiles/Music/music_piano_stem_03.wav using Guid(9d6a2dd671ec3ea4fae167a5a3784510) Importer(815301076,1909f56bfc062723c751e8b465ee728b)  -> (artifact id: '9c44899c767c6f0948c3392347b31800') in 0,008952 seconds
  Import took 0,011064 seconds .

========================================================================
Received Import Request.
  Time since last request: 0,000109 seconds.
  path: Assets/Art/AudioFiles/Music/music_wind_clap_stem_05.wav
  artifactKey: Guid(b1a80594f0fe7df49b556f025a047096) Importer(815301076,1909f56bfc062723c751e8b465ee728b)
Start importing Assets/Art/AudioFiles/Music/music_wind_clap_stem_05.wav using Guid(b1a80594f0fe7df49b556f025a047096) Importer(815301076,1909f56bfc062723c751e8b465ee728b)  -> (artifact id: 'fb1acbc67e69281881f7a2465e260bfb') in 0,005224 seconds
  Import took 0,007336 seconds .

========================================================================
Received Import Request.
  Time since last request: 0,000106 seconds.
  path: Assets/Art/AudioFiles/Music/music_strings_stem_01.wav
  artifactKey: Guid(5618821eb5f7db445b930e352083bc6f) Importer(815301076,1909f56bfc062723c751e8b465ee728b)
Start importing Assets/Art/AudioFiles/Music/music_strings_stem_01.wav using Guid(5618821eb5f7db445b930e352083bc6f) Importer(815301076,1909f56bfc062723c751e8b465ee728b)  -> (artifact id: 'a2c609b85deb111a9a42d36f81e9020d') in 0,005813 seconds
  Import took 0,007924 seconds .

========================================================================
Received Import Request.
  Time since last request: 0,469540 seconds.
  path: Assets/Art/AudioFiles/Amb/amb_general_s.wav
  artifactKey: Guid(5667328c6b4107f4bb01105858abff3c) Importer(815301076,1909f56bfc062723c751e8b465ee728b)
Start importing Assets/Art/AudioFiles/Amb/amb_general_s.wav using Guid(5667328c6b4107f4bb01105858abff3c) Importer(815301076,1909f56bfc062723c751e8b465ee728b)  -> (artifact id: '6ea737b9125313203c1e7d7a4c631290') in 0,005499 seconds
  Import took 0,008030 seconds .

========================================================================
Received Import Request.
  Time since last request: 0,000108 seconds.
  path: Assets/Art/AudioFiles/Amb/amb_menu_s.wav
  artifactKey: Guid(be4510f0d58363d4bbeb23c8e8b6f116) Importer(815301076,1909f56bfc062723c751e8b465ee728b)
Start importing Assets/Art/AudioFiles/Amb/amb_menu_s.wav using Guid(be4510f0d58363d4bbeb23c8e8b6f116) Importer(815301076,1909f56bfc062723c751e8b465ee728b)  -> (artifact id: '5127a498bcb42416841b3f60add7edd5') in 0,006359 seconds
  Import took 0,008509 seconds .

========================================================================
Received Import Request.
  Time since last request: 68,176820 seconds.
  path: Assets/Art/AudioFiles/SFX
  artifactKey: Guid(8948e5562da816143bd38c6427c19e5d) Importer(815301076,1909f56bfc062723c751e8b465ee728b)
Start importing Assets/Art/AudioFiles/SFX using Guid(8948e5562da816143bd38c6427c19e5d) Importer(815301076,1909f56bfc062723c751e8b465ee728b)  -> (artifact id: '6949601d83edfcdad09978f8e9770139') in 0,000476 seconds
  Import took 0,002715 seconds .

========================================================================
Received Import Request.
  Time since last request: 0,000603 seconds.
  path: Assets/Art/AudioFiles/SFX
  artifactKey: Guid(8948e5562da816143bd38c6427c19e5d) Importer(815301076,1909f56bfc062723c751e8b465ee728b)
Start importing Assets/Art/AudioFiles/SFX using Guid(8948e5562da816143bd38c6427c19e5d) Importer(815301076,1909f56bfc062723c751e8b465ee728b)  -> (artifact id: '6949601d83edfcdad09978f8e9770139') in 0,000372 seconds
  Import took 0,002029 seconds .

========================================================================
Received Import Request.
  Time since last request: 0,052096 seconds.
  path: Assets/Art/AudioFiles/SFX/sfx_menu_begin.wav
  artifactKey: Guid(7114803e51a83bc4e9d6e1510047363f) Importer(815301076,1909f56bfc062723c751e8b465ee728b)
Start importing Assets/Art/AudioFiles/SFX/sfx_menu_begin.wav using Guid(7114803e51a83bc4e9d6e1510047363f) Importer(815301076,1909f56bfc062723c751e8b465ee728b)  -> (artifact id: '09d4ca490ca8f0432664428608425028') in 0,006509 seconds
  Import took 0,009026 seconds .

========================================================================
Received Import Request.
  Time since last request: 0,000124 seconds.
  path: Assets/Art/AudioFiles/SFX/sfx_prendre_s_05.wav
  artifactKey: Guid(886b8dcbf177e8a4a91693f5fa3a479b) Importer(815301076,1909f56bfc062723c751e8b465ee728b)
Start importing Assets/Art/AudioFiles/SFX/sfx_prendre_s_05.wav using Guid(886b8dcbf177e8a4a91693f5fa3a479b) Importer(815301076,1909f56bfc062723c751e8b465ee728b)  -> (artifact id: '09d7b96b30746f04d92bdebe056f3981') in 0,007476 seconds
  Import took 0,009595 seconds .

========================================================================
Received Import Request.
  Time since last request: 0,000124 seconds.
  path: Assets/Art/AudioFiles/SFX/sfx_prendre_s_01.wav
  artifactKey: Guid(865797665bb53af4991dfe6c18cb6248) Importer(815301076,1909f56bfc062723c751e8b465ee728b)
Start importing Assets/Art/AudioFiles/SFX/sfx_prendre_s_01.wav using Guid(865797665bb53af4991dfe6c18cb6248) Importer(815301076,1909f56bfc062723c751e8b465ee728b)  -> (artifact id: 'd30b50e583e90d7b8822e83d950682b7') in 0,006271 seconds
  Import took 0,008360 seconds .

========================================================================
Received Import Request.
  Time since last request: 0,000144 seconds.
  path: Assets/Art/AudioFiles/SFX/sfx_poser_s_06.wav
  artifactKey: Guid(649f925ea1be6dd4e90f0b93953b1440) Importer(815301076,1909f56bfc062723c751e8b465ee728b)
Start importing Assets/Art/AudioFiles/SFX/sfx_poser_s_06.wav using Guid(649f925ea1be6dd4e90f0b93953b1440) Importer(815301076,1909f56bfc062723c751e8b465ee728b)  -> (artifact id: '990365b7eaab7cfe97ee1eb52f391541') in 0,005559 seconds
  Import took 0,007637 seconds .

========================================================================
Received Import Request.
  Time since last request: 0,000135 seconds.
  path: Assets/Art/AudioFiles/SFX/sfx_poser_s_01.wav
  artifactKey: Guid(824ba55003acdc046bf5fcbd5f4c7ae9) Importer(815301076,1909f56bfc062723c751e8b465ee728b)
Start importing Assets/Art/AudioFiles/SFX/sfx_poser_s_01.wav using Guid(824ba55003acdc046bf5fcbd5f4c7ae9) Importer(815301076,1909f56bfc062723c751e8b465ee728b)  -> (artifact id: 'cda58425b90712ba537324325d97dbd8') in 0,005290 seconds
  Import took 0,007389 seconds .

========================================================================
Received Import Request.
  Time since last request: 0,000079 seconds.
  path: Assets/Art/AudioFiles/SFX/sfx_poser_s_05.wav
  artifactKey: Guid(793430d51a4752549bc1a7799abc9c7d) Importer(815301076,1909f56bfc062723c751e8b465ee728b)
Start importing Assets/Art/AudioFiles/SFX/sfx_poser_s_05.wav using Guid(793430d51a4752549bc1a7799abc9c7d) Importer(815301076,1909f56bfc062723c751e8b465ee728b)  -> (artifact id: '187613049f5e3db5b16fca61d29310c7') in 0,005654 seconds
  Import took 0,007700 seconds .

========================================================================
Received Import Request.
  Time since last request: 0,000066 seconds.
  path: Assets/Art/AudioFiles/SFX/sfx_poser_s_03.wav
  artifactKey: Guid(16a8e3ab695b96941a94f627acedeb4f) Importer(815301076,1909f56bfc062723c751e8b465ee728b)
Start importing Assets/Art/AudioFiles/SFX/sfx_poser_s_03.wav using Guid(16a8e3ab695b96941a94f627acedeb4f) Importer(815301076,1909f56bfc062723c751e8b465ee728b)  -> (artifact id: '968814bb7b8b72abb6473c94f676ad81') in 0,006122 seconds
  Import took 0,008204 seconds .

========================================================================
Received Import Request.
  Time since last request: 0,000085 seconds.
  path: Assets/Art/AudioFiles/SFX/sfx_prendre_s_02.wav
  artifactKey: Guid(12acceec452eb6f47a2b943faff9ecc0) Importer(815301076,1909f56bfc062723c751e8b465ee728b)
Start importing Assets/Art/AudioFiles/SFX/sfx_prendre_s_02.wav using Guid(12acceec452eb6f47a2b943faff9ecc0) Importer(815301076,1909f56bfc062723c751e8b465ee728b)  -> (artifact id: '32f4f2cdf1df8f7d134718530ba687cc') in 0,004891 seconds
  Import took 0,006956 seconds .

========================================================================
Received Import Request.
  Time since last request: 0,000071 seconds.
  path: Assets/Art/AudioFiles/SFX/sfx_poser_s_02.wav
  artifactKey: Guid(fa88affe39f9ab44db76698fab2d2393) Importer(815301076,1909f56bfc062723c751e8b465ee728b)
Start importing Assets/Art/AudioFiles/SFX/sfx_poser_s_02.wav using Guid(fa88affe39f9ab44db76698fab2d2393) Importer(815301076,1909f56bfc062723c751e8b465ee728b)  -> (artifact id: 'c01d885f5cb86f502fac601893a6523c') in 0,004157 seconds
  Import took 0,006302 seconds .

========================================================================
Received Import Request.
  Time since last request: 0,000092 seconds.
  path: Assets/Art/AudioFiles/SFX/sfx_menu_select.wav
  artifactKey: Guid(a6b45b9b7c6aeb549bf141ad95dcff16) Importer(815301076,1909f56bfc062723c751e8b465ee728b)
Start importing Assets/Art/AudioFiles/SFX/sfx_menu_select.wav using Guid(a6b45b9b7c6aeb549bf141ad95dcff16) Importer(815301076,1909f56bfc062723c751e8b465ee728b)  -> (artifact id: '4df18bb9eaccc4a3516e22a3b77e785c') in 0,005912 seconds
  Import took 0,008017 seconds .

========================================================================
Received Import Request.
  Time since last request: 0,000080 seconds.
  path: Assets/Art/AudioFiles/SFX/sfx_prendre_s_03.wav
  artifactKey: Guid(f9051c64954bf5c4ebf83ca1449ce83e) Importer(815301076,1909f56bfc062723c751e8b465ee728b)
Start importing Assets/Art/AudioFiles/SFX/sfx_prendre_s_03.wav using Guid(f9051c64954bf5c4ebf83ca1449ce83e) Importer(815301076,1909f56bfc062723c751e8b465ee728b)  -> (artifact id: 'a9c9261cd9720f5818fe6e5c2189984a') in 0,004248 seconds
  Import took 0,006302 seconds .

========================================================================
Received Import Request.
  Time since last request: 0,000088 seconds.
  path: Assets/Art/AudioFiles/SFX/sfx_poser_s_04.wav
  artifactKey: Guid(a8bb1682b15139b4987836c0714e8111) Importer(815301076,1909f56bfc062723c751e8b465ee728b)
Start importing Assets/Art/AudioFiles/SFX/sfx_poser_s_04.wav using Guid(a8bb1682b15139b4987836c0714e8111) Importer(815301076,1909f56bfc062723c751e8b465ee728b)  -> (artifact id: '9a332f81bbffe96b468c7e643bf3afcd') in 0,005042 seconds
  Import took 0,007346 seconds .

========================================================================
Received Import Request.
  Time since last request: 0,000089 seconds.
  path: Assets/Art/AudioFiles/SFX/sfx_prendre_s_04.wav
  artifactKey: Guid(ab5785d198b67e34d98c67fcc403608f) Importer(815301076,1909f56bfc062723c751e8b465ee728b)
Start importing Assets/Art/AudioFiles/SFX/sfx_prendre_s_04.wav using Guid(ab5785d198b67e34d98c67fcc403608f) Importer(815301076,1909f56bfc062723c751e8b465ee728b)  -> (artifact id: '5b4f1a125fc25ff795d5ae365b7bac05') in 0,005112 seconds
  Import took 0,007297 seconds .

========================================================================
Received Prepare
Registering precompiled user dll's ...
Registered in 0,000834 seconds.
Begin MonoManager ReloadAssembly
Native extension for LinuxStandalone target not found
Native extension for WebGL target not found
Refreshing native plugins compatible for Editor in 0,40 ms, found 1 plugins.
Preloading 0 native plugins for Editor in 0,00 ms.
Invoked RoslynAnalysisRunner static constructor.
RoslynAnalysisRunner will not be running.
RoslynAnalysisRunner has terminated.
Mono: successfully reloaded assembly
- Completed reload, in  0,645 seconds
Platform modules already initialized, skipping
Refreshing native plugins compatible for Editor in 0,33 ms, found 1 plugins.
Preloading 0 native plugins for Editor in 0,00 ms.
Unloading 1799 Unused Serialized files (Serialized files now loaded: 0)
System memory in use before: 81,9 MB.
System memory in use after: 82,0 MB.

Unloading 9 unused Assets to reduce memory usage. Loaded Objects now: 2295.
Total: 2,478771 ms (FindLiveObjects: 0,250220 ms CreateObjectMapping: 0,053710 ms MarkObjects: 2,137241 ms  DeleteObjects: 0,036390 ms)

========================================================================
Received Prepare
Registering precompiled user dll's ...
Registered in 0,001138 seconds.
Begin MonoManager ReloadAssembly
Native extension for LinuxStandalone target not found
Native extension for WebGL target not found
Refreshing native plugins compatible for Editor in 0,33 ms, found 1 plugins.
Preloading 0 native plugins for Editor in 0,00 ms.
Invoked RoslynAnalysisRunner static constructor.
RoslynAnalysisRunner will not be running.
RoslynAnalysisRunner has terminated.
Mono: successfully reloaded assembly
- Completed reload, in  0,629 seconds
Platform modules already initialized, skipping
Refreshing native plugins compatible for Editor in 0,33 ms, found 1 plugins.
Preloading 0 native plugins for Editor in 0,00 ms.
Unloading 1799 Unused Serialized files (Serialized files now loaded: 0)
System memory in use before: 82,2 MB.
System memory in use after: 82,3 MB.

Unloading 9 unused Assets to reduce memory usage. Loaded Objects now: 2298.
Total: 1,941571 ms (FindLiveObjects: 0,173150 ms CreateObjectMapping: 0,036610 ms MarkObjects: 1,695401 ms  DeleteObjects: 0,035870 ms)

========================================================================
Received Prepare
Registering precompiled user dll's ...
Registered in 0,000790 seconds.
Begin MonoManager ReloadAssembly
Native extension for LinuxStandalone target not found
Native extension for WebGL target not found
Refreshing native plugins compatible for Editor in 0,33 ms, found 1 plugins.
Preloading 0 native plugins for Editor in 0,00 ms.
Invoked RoslynAnalysisRunner static constructor.
RoslynAnalysisRunner will not be running.
RoslynAnalysisRunner has terminated.
Mono: successfully reloaded assembly
- Completed reload, in  0,635 seconds
Platform modules already initialized, skipping
Refreshing native plugins compatible for Editor in 0,38 ms, found 1 plugins.
Preloading 0 native plugins for Editor in 0,00 ms.
Unloading 1799 Unused Serialized files (Serialized files now loaded: 0)
System memory in use before: 82,5 MB.
System memory in use after: 82,6 MB.

Unloading 9 unused Assets to reduce memory usage. Loaded Objects now: 2301.
Total: 2,119791 ms (FindLiveObjects: 0,241780 ms CreateObjectMapping: 0,056190 ms MarkObjects: 1,784591 ms  DeleteObjects: 0,036390 ms)

========================================================================
Received Prepare
Registering precompiled user dll's ...
Registered in 0,000908 seconds.
Begin MonoManager ReloadAssembly
Native extension for LinuxStandalone target not found
Native extension for WebGL target not found
Refreshing native plugins compatible for Editor in 0,33 ms, found 1 plugins.
Preloading 0 native plugins for Editor in 0,00 ms.
Invoked RoslynAnalysisRunner static constructor.
RoslynAnalysisRunner will not be running.
RoslynAnalysisRunner has terminated.
Mono: successfully reloaded assembly
- Completed reload, in  0,627 seconds
Platform modules already initialized, skipping
Refreshing native plugins compatible for Editor in 0,32 ms, found 1 plugins.
Preloading 0 native plugins for Editor in 0,00 ms.
Unloading 1799 Unused Serialized files (Serialized files now loaded: 0)
System memory in use before: 82,6 MB.
System memory in use after: 82,7 MB.

Unloading 9 unused Assets to reduce memory usage. Loaded Objects now: 2304.
Total: 1,959641 ms (FindLiveObjects: 0,181740 ms CreateObjectMapping: 0,036260 ms MarkObjects: 1,703141 ms  DeleteObjects: 0,037690 ms)

========================================================================
Received Prepare
Registering precompiled user dll's ...
Registered in 0,000862 seconds.
Begin MonoManager ReloadAssembly
Native extension for LinuxStandalone target not found
Native extension for WebGL target not found
Refreshing native plugins compatible for Editor in 0,33 ms, found 1 plugins.
Preloading 0 native plugins for Editor in 0,00 ms.
Invoked RoslynAnalysisRunner static constructor.
RoslynAnalysisRunner will not be running.
RoslynAnalysisRunner has terminated.
Mono: successfully reloaded assembly
- Completed reload, in  0,630 seconds
Platform modules already initialized, skipping
Refreshing native plugins compatible for Editor in 0,32 ms, found 1 plugins.
Preloading 0 native plugins for Editor in 0,00 ms.
Unloading 1799 Unused Serialized files (Serialized files now loaded: 0)
System memory in use before: 82,0 MB.
System memory in use after: 82,1 MB.

Unloading 9 unused Assets to reduce memory usage. Loaded Objects now: 2307.
Total: 1,940941 ms (FindLiveObjects: 0,180920 ms CreateObjectMapping: 0,036500 ms MarkObjects: 1,685211 ms  DeleteObjects: 0,037440 ms)

========================================================================
Received Prepare
Registering precompiled user dll's ...
Registered in 0,000912 seconds.
Begin MonoManager ReloadAssembly
Native extension for LinuxStandalone target not found
Native extension for WebGL target not found
Refreshing native plugins compatible for Editor in 0,33 ms, found 1 plugins.
Preloading 0 native plugins for Editor in 0,00 ms.
Invoked RoslynAnalysisRunner static constructor.
RoslynAnalysisRunner will not be running.
RoslynAnalysisRunner has terminated.
Mono: successfully reloaded assembly
- Completed reload, in  0,651 seconds
Platform modules already initialized, skipping
Refreshing native plugins compatible for Editor in 0,33 ms, found 1 plugins.
Preloading 0 native plugins for Editor in 0,00 ms.
Unloading 1799 Unused Serialized files (Serialized files now loaded: 0)
System memory in use before: 82,3 MB.
System memory in use after: 82,4 MB.

Unloading 9 unused Assets to reduce memory usage. Loaded Objects now: 2310.
Total: 1,892491 ms (FindLiveObjects: 0,159410 ms CreateObjectMapping: 0,037670 ms MarkObjects: 1,664201 ms  DeleteObjects: 0,030440 ms)

========================================================================
Received Prepare
Registering precompiled user dll's ...
Registered in 0,000771 seconds.
Begin MonoManager ReloadAssembly
Native extension for LinuxStandalone target not found
Native extension for WebGL target not found
Refreshing native plugins compatible for Editor in 0,33 ms, found 1 plugins.
Preloading 0 native plugins for Editor in 0,00 ms.
Invoked RoslynAnalysisRunner static constructor.
RoslynAnalysisRunner will not be running.
RoslynAnalysisRunner has terminated.
Mono: successfully reloaded assembly
- Completed reload, in  0,632 seconds
Platform modules already initialized, skipping
Refreshing native plugins compatible for Editor in 0,32 ms, found 1 plugins.
Preloading 0 native plugins for Editor in 0,00 ms.
Unloading 1799 Unused Serialized files (Serialized files now loaded: 0)
System memory in use before: 82,5 MB.
System memory in use after: 82,6 MB.

Unloading 9 unused Assets to reduce memory usage. Loaded Objects now: 2313.
Total: 1,955071 ms (FindLiveObjects: 0,183570 ms CreateObjectMapping: 0,036540 ms MarkObjects: 1,699901 ms  DeleteObjects: 0,034110 ms)

========================================================================
Received Prepare
Registering precompiled user dll's ...
Registered in 0,001248 seconds.
Begin MonoManager ReloadAssembly
Native extension for LinuxStandalone target not found
Native extension for WebGL target not found
Refreshing native plugins compatible for Editor in 0,32 ms, found 1 plugins.
Preloading 0 native plugins for Editor in 0,00 ms.
Invoked RoslynAnalysisRunner static constructor.
RoslynAnalysisRunner will not be running.
RoslynAnalysisRunner has terminated.
Mono: successfully reloaded assembly
- Completed reload, in  0,637 seconds
Platform modules already initialized, skipping
Refreshing native plugins compatible for Editor in 0,32 ms, found 1 plugins.
Preloading 0 native plugins for Editor in 0,00 ms.
Unloading 1799 Unused Serialized files (Serialized files now loaded: 0)
System memory in use before: 82,7 MB.
System memory in use after: 82,8 MB.

Unloading 9 unused Assets to reduce memory usage. Loaded Objects now: 2316.
Total: 2,005631 ms (FindLiveObjects: 0,153920 ms CreateObjectMapping: 0,037400 ms MarkObjects: 1,765311 ms  DeleteObjects: 0,048140 ms)

========================================================================
Received Prepare
Registering precompiled user dll's ...
Registered in 0,000772 seconds.
Begin MonoManager ReloadAssembly
Native extension for LinuxStandalone target not found
Native extension for WebGL target not found
Refreshing native plugins compatible for Editor in 0,33 ms, found 1 plugins.
Preloading 0 native plugins for Editor in 0,00 ms.
Invoked RoslynAnalysisRunner static constructor.
RoslynAnalysisRunner will not be running.
RoslynAnalysisRunner has terminated.
Mono: successfully reloaded assembly
- Completed reload, in  0,636 seconds
Platform modules already initialized, skipping
Refreshing native plugins compatible for Editor in 0,33 ms, found 1 plugins.
Preloading 0 native plugins for Editor in 0,00 ms.
Unloading 1799 Unused Serialized files (Serialized files now loaded: 0)
System memory in use before: 82,1 MB.
System memory in use after: 82,2 MB.

Unloading 9 unused Assets to reduce memory usage. Loaded Objects now: 2319.
Total: 1,941611 ms (FindLiveObjects: 0,181710 ms CreateObjectMapping: 0,035960 ms MarkObjects: 1,689151 ms  DeleteObjects: 0,034170 ms)

========================================================================
Received Prepare
Registering precompiled user dll's ...
Registered in 0,000817 seconds.
Begin MonoManager ReloadAssembly
Native extension for LinuxStandalone target not found
Native extension for WebGL target not found
Refreshing native plugins compatible for Editor in 0,34 ms, found 1 plugins.
Preloading 0 native plugins for Editor in 0,00 ms.
Invoked RoslynAnalysisRunner static constructor.
RoslynAnalysisRunner will not be running.
RoslynAnalysisRunner has terminated.
Mono: successfully reloaded assembly
- Completed reload, in  0,631 seconds
Platform modules already initialized, skipping
Refreshing native plugins compatible for Editor in 0,33 ms, found 1 plugins.
Preloading 0 native plugins for Editor in 0,00 ms.
Unloading 1799 Unused Serialized files (Serialized files now loaded: 0)
System memory in use before: 82,3 MB.
System memory in use after: 82,4 MB.

Unloading 9 unused Assets to reduce memory usage. Loaded Objects now: 2322.
Total: 1,951920 ms (FindLiveObjects: 0,157990 ms CreateObjectMapping: 0,037390 ms MarkObjects: 1,720890 ms  DeleteObjects: 0,035000 ms)

========================================================================
Received Prepare
Registering precompiled user dll's ...
Registered in 0,000779 seconds.
Begin MonoManager ReloadAssembly
Native extension for LinuxStandalone target not found
Native extension for WebGL target not found
Refreshing native plugins compatible for Editor in 0,33 ms, found 1 plugins.
Preloading 0 native plugins for Editor in 0,00 ms.
Invoked RoslynAnalysisRunner static constructor.
RoslynAnalysisRunner will not be running.
RoslynAnalysisRunner has terminated.
Mono: successfully reloaded assembly
- Completed reload, in  0,638 seconds
Platform modules already initialized, skipping
Refreshing native plugins compatible for Editor in 0,33 ms, found 1 plugins.
Preloading 0 native plugins for Editor in 0,00 ms.
Unloading 1799 Unused Serialized files (Serialized files now loaded: 0)
System memory in use before: 82,6 MB.
System memory in use after: 82,7 MB.

Unloading 9 unused Assets to reduce memory usage. Loaded Objects now: 2325.
Total: 1,964271 ms (FindLiveObjects: 0,168270 ms CreateObjectMapping: 0,037650 ms MarkObjects: 1,725380 ms  DeleteObjects: 0,032061 ms)

